<?xml version="1.0" encoding="UTF-8"?>
<!-- Generated by org.testng.reporters.JUnitXMLReporter -->
<testsuite ignored="0" hostname="DESKTOP-RG3KRF0" failures="0" tests="6" name="Default test" time="240.187" errors="0" timestamp="24 Feb 2021 20:17:51 GMT">
  <testcase classname="net.element.crm.tests.POC_TC01_GrabLockIssue" name="step01" time="0.641"/>
  <testcase classname="net.element.crm.tests.POC_TC01_GrabLockIssue" name="step02" time="0.225"/>
  <testcase classname="net.element.crm.tests.POC_TC01_GrabLockIssue" name="step03" time="0.479"/>
  <testcase classname="net.element.crm.tests.POC_TC01_GrabLockIssue" name="step04" time="177.787"/>
  <testcase classname="net.element.crm.tests.POC_TC01_GrabLockIssue" name="step05" time="0.0"/>
  <testcase classname="net.element.crm.tests.POC_TC01_GrabLockIssue" name="step06" time="1.138"/>
</testsuite> <!-- Default test -->
