<?xml version="1.0" encoding="UTF-8"?>
<!-- Generated by org.testng.reporters.JUnitXMLReporter -->
<testsuite ignored="0" hostname="DESKTOP-RG3KRF0" failures="0" tests="6" name="1" time="0.055" errors="0" timestamp="21 Feb 2021 15:46:08 GMT">
  <testcase classname="net.element.crm.tests.BaseTest" name="@BeforeTest testSetup" time="0.0">
    <failure type="java.lang.NullPointerException">
      <![CDATA[java.lang.NullPointerException
at net.element.crm.tests.BaseTest.testSetup(BaseTest.java:45)
... Removed 24 stack frames]]>
    </failure>
  </testcase> <!-- @BeforeTest testSetup -->
  <testcase classname="net.element.crm.tests.BaseTest" name="@BeforeClass classSetup" time="0.0">
    <skipped/>
  </testcase> <!-- @BeforeClass classSetup -->
  <testcase classname="net.element.crm.tests.BaseTest" name="@BeforeMethod methodSetup" time="0.0">
    <skipped/>
  </testcase> <!-- @BeforeMethod methodSetup -->
  <testcase classname="net.element.crm.tests.BaseTest" name="@AfterMethod methodTearDown" time="0.0">
    <skipped/>
  </testcase> <!-- @AfterMethod methodTearDown -->
  <testcase classname="net.element.crm.tests.BaseTest" name="@BeforeMethod methodSetup" time="0.0">
    <skipped/>
  </testcase> <!-- @BeforeMethod methodSetup -->
  <testcase classname="net.element.crm.tests.BaseTest" name="@AfterMethod methodTearDown" time="0.0">
    <skipped/>
  </testcase> <!-- @AfterMethod methodTearDown -->
  <testcase classname="net.element.crm.tests.BaseTest" name="@BeforeMethod methodSetup" time="0.0">
    <skipped/>
  </testcase> <!-- @BeforeMethod methodSetup -->
  <testcase classname="net.element.crm.tests.BaseTest" name="@AfterMethod methodTearDown" time="0.0">
    <skipped/>
  </testcase> <!-- @AfterMethod methodTearDown -->
  <testcase classname="net.element.crm.tests.BaseTest" name="@BeforeMethod methodSetup" time="0.0">
    <skipped/>
  </testcase> <!-- @BeforeMethod methodSetup -->
  <testcase classname="net.element.crm.tests.BaseTest" name="@AfterMethod methodTearDown" time="0.0">
    <skipped/>
  </testcase> <!-- @AfterMethod methodTearDown -->
  <testcase classname="net.element.crm.tests.BaseTest" name="@BeforeMethod methodSetup" time="0.0">
    <skipped/>
  </testcase> <!-- @BeforeMethod methodSetup -->
  <testcase classname="net.element.crm.tests.BaseTest" name="@AfterMethod methodTearDown" time="0.0">
    <skipped/>
  </testcase> <!-- @AfterMethod methodTearDown -->
  <testcase classname="net.element.crm.tests.BaseTest" name="@BeforeMethod methodSetup" time="0.0">
    <skipped/>
  </testcase> <!-- @BeforeMethod methodSetup -->
  <testcase classname="net.element.crm.tests.BaseTest" name="@AfterMethod methodTearDown" time="0.0">
    <skipped/>
  </testcase> <!-- @AfterMethod methodTearDown -->
  <testcase classname="net.element.crm.tests.BaseTest" name="@AfterClass classTearDown" time="0.0">
    <skipped/>
  </testcase> <!-- @AfterClass classTearDown -->
  <testcase classname="net.element.crm.tests.BaseTest" name="@AfterTest testTearDown" time="0.0">
    <skipped/>
  </testcase> <!-- @AfterTest testTearDown -->
  <testcase classname="net.element.crm.tests.POC_TC02_None" name="POC_TC02_None" time="0.0">
    <skipped/>
  </testcase> <!-- POC_TC02_None -->
  <testcase classname="net.element.crm.tests.POC_TC02_None" name="POC_TC02_None" time="0.0">
    <skipped/>
  </testcase> <!-- POC_TC02_None -->
  <testcase classname="net.element.crm.tests.POC_TC02_None" name="POC_TC02_None" time="0.0">
    <skipped/>
  </testcase> <!-- POC_TC02_None -->
  <testcase classname="net.element.crm.tests.POC_TC02_None" name="POC_TC02_None" time="0.0">
    <skipped/>
  </testcase> <!-- POC_TC02_None -->
  <testcase classname="net.element.crm.tests.POC_TC02_None" name="POC_TC02_None" time="0.0">
    <skipped/>
  </testcase> <!-- POC_TC02_None -->
  <testcase classname="net.element.crm.tests.POC_TC02_None" name="POC_TC02_None" time="0.0">
    <skipped/>
  </testcase> <!-- POC_TC02_None -->
</testsuite> <!-- 1 -->
