<?xml version="1.0" encoding="UTF-8"?>
<!-- Generated by org.testng.reporters.JUnitXMLReporter -->
<testsuite ignored="0" hostname="DESKTOP-RG3KRF0" failures="0" tests="6" name="qwe" time="19.482" errors="0" timestamp="22 Feb 2021 17:31:30 GMT">
  <testcase classname="net.element.crm.tests.POC_TC02_None" name="POC_TC02_None" time="0.0"/>
  <testcase classname="net.element.crm.tests.POC_TC02_None" name="POC_TC02_None" time="0.0"/>
  <testcase classname="net.element.crm.tests.POC_TC02_None" name="POC_TC02_None" time="0.0"/>
  <testcase classname="net.element.crm.tests.POC_TC02_None" name="POC_TC02_None" time="0.0"/>
  <testcase classname="net.element.crm.tests.POC_TC02_None" name="POC_TC02_None" time="0.0"/>
  <testcase classname="net.element.crm.tests.POC_TC02_None" name="POC_TC02_None" time="0.0"/>
</testsuite> <!-- qwe -->
