<?xml version="1.0" encoding="UTF-8"?>
<!-- Generated by org.testng.reporters.JUnitXMLReporter -->
<testsuite ignored="0" hostname="DESKTOP-RG3KRF0" failures="0" tests="6" name="Test" time="0.557" errors="0" timestamp="17 Feb 2021 05:19:05 GMT">
  <testcase classname="net.element.crm.tests.BaseTest" name="@AfterTest testTearDown" time="0.0">
    <failure type="java.lang.NullPointerException">
      <![CDATA[java.lang.NullPointerException
at net.element.crm.tests.BaseTest.testTearDown(BaseTest.java:56)
... Removed 24 stack frames]]>
    </failure>
  </testcase> <!-- @AfterTest testTearDown -->
  <testcase classname="net.element.crm.tests.POC" name="step01" time="0.008"/>
  <testcase classname="net.element.crm.tests.POC" name="step02" time="0.0"/>
  <testcase classname="net.element.crm.tests.POC" name="step03" time="0.0"/>
  <testcase classname="net.element.crm.tests.POC" name="step04" time="0.0"/>
  <testcase classname="net.element.crm.tests.POC" name="step05" time="0.0"/>
  <testcase classname="net.element.crm.tests.POC" name="step06" time="0.0"/>
</testsuite> <!-- Test -->
