<?xml version="1.0" encoding="UTF-8"?>
<testng-results ignored="0" total="6" passed="6" failed="0" skipped="0">
  <reporter-output>
  </reporter-output>
  <suite started-at="2021-02-24T20:13:51Z" name="Default suite" finished-at="2021-02-24T20:17:51Z" duration-ms="240187">
    <groups>
    </groups>
    <test started-at="2021-02-24T20:13:51Z" name="Default test" finished-at="2021-02-24T20:17:51Z" duration-ms="240187">
      <class name="net.element.crm.tests.POC_TC01_GrabLockIssue">
        <test-method is-config="true" signature="suiteSetup(org.testng.ITestContext)[pri:0, instance:net.element.crm.tests.POC_TC01_GrabLockIssue@a38c7fe]" started-at="2021-02-24T20:13:50Z" name="suiteSetup" finished-at="2021-02-24T20:13:51Z" duration-ms="120" status="PASS">
          <params>
            <param index="0">
              <value>
                <![CDATA[org.testng.TestRunner@2a2ef072]]>
              </value>
            </param>
          </params>
          <reporter-output>
          </reporter-output>
        </test-method> <!-- suiteSetup -->
        <test-method is-config="true" signature="testSetup(org.testng.ITestContext)[pri:0, instance:net.element.crm.tests.POC_TC01_GrabLockIssue@a38c7fe]" started-at="2021-02-24T20:13:51Z" name="testSetup" finished-at="2021-02-24T20:14:46Z" duration-ms="55579" status="PASS">
          <params>
            <param index="0">
              <value>
                <![CDATA[org.testng.TestRunner@2a2ef072]]>
              </value>
            </param>
          </params>
          <reporter-output>
          </reporter-output>
        </test-method> <!-- testSetup -->
        <test-method is-config="true" signature="classSetup()[pri:0, instance:net.element.crm.tests.POC_TC01_GrabLockIssue@a38c7fe]" started-at="2021-02-24T20:14:46Z" name="classSetup" finished-at="2021-02-24T20:14:46Z" duration-ms="0" status="PASS">
          <reporter-output>
          </reporter-output>
        </test-method> <!-- classSetup -->
        <test-method signature="step01()[pri:0, instance:net.element.crm.tests.POC_TC01_GrabLockIssue@a38c7fe]" started-at="2021-02-24T20:14:46Z" name="step01" finished-at="2021-02-24T20:14:47Z" duration-ms="641" status="PASS">
          <reporter-output>
          </reporter-output>
        </test-method> <!-- step01 -->
        <test-method is-config="true" signature="methodSetup()[pri:0, instance:net.element.crm.tests.POC_TC01_GrabLockIssue@a38c7fe]" started-at="2021-02-24T20:14:46Z" name="methodSetup" finished-at="2021-02-24T20:14:46Z" duration-ms="0" status="PASS">
          <reporter-output>
          </reporter-output>
        </test-method> <!-- methodSetup -->
        <test-method is-config="true" signature="methodTearDown(org.testng.ITestResult)[pri:0, instance:net.element.crm.tests.POC_TC01_GrabLockIssue@a38c7fe]" started-at="2021-02-24T20:14:47Z" name="methodTearDown" finished-at="2021-02-24T20:14:47Z" duration-ms="348" status="PASS">
          <params>
            <param index="0">
              <value>
                <![CDATA[[TestResult name=step01 status=SUCCESS method=POC_TC01_GrabLockIssue.step01()[pri:0, instance:net.element.crm.tests.POC_TC01_GrabLockIssue@a38c7fe] output={null}]]]>
              </value>
            </param>
          </params>
          <reporter-output>
          </reporter-output>
        </test-method> <!-- methodTearDown -->
        <test-method is-config="true" signature="methodSetup()[pri:0, instance:net.element.crm.tests.POC_TC01_GrabLockIssue@a38c7fe]" started-at="2021-02-24T20:14:47Z" name="methodSetup" finished-at="2021-02-24T20:14:47Z" duration-ms="0" status="PASS">
          <reporter-output>
          </reporter-output>
        </test-method> <!-- methodSetup -->
        <test-method signature="step02()[pri:0, instance:net.element.crm.tests.POC_TC01_GrabLockIssue@a38c7fe]" started-at="2021-02-24T20:14:47Z" name="step02" finished-at="2021-02-24T20:14:47Z" duration-ms="225" status="PASS">
          <reporter-output>
          </reporter-output>
        </test-method> <!-- step02 -->
        <test-method is-config="true" signature="methodTearDown(org.testng.ITestResult)[pri:0, instance:net.element.crm.tests.POC_TC01_GrabLockIssue@a38c7fe]" started-at="2021-02-24T20:14:47Z" name="methodTearDown" finished-at="2021-02-24T20:14:48Z" duration-ms="422" status="PASS">
          <params>
            <param index="0">
              <value>
                <![CDATA[[TestResult name=step02 status=SUCCESS method=POC_TC01_GrabLockIssue.step02()[pri:0, instance:net.element.crm.tests.POC_TC01_GrabLockIssue@a38c7fe] output={null}]]]>
              </value>
            </param>
          </params>
          <reporter-output>
          </reporter-output>
        </test-method> <!-- methodTearDown -->
        <test-method signature="step03()[pri:0, instance:net.element.crm.tests.POC_TC01_GrabLockIssue@a38c7fe]" started-at="2021-02-24T20:14:48Z" name="step03" finished-at="2021-02-24T20:14:48Z" duration-ms="479" status="PASS">
          <reporter-output>
          </reporter-output>
        </test-method> <!-- step03 -->
        <test-method is-config="true" signature="methodSetup()[pri:0, instance:net.element.crm.tests.POC_TC01_GrabLockIssue@a38c7fe]" started-at="2021-02-24T20:14:48Z" name="methodSetup" finished-at="2021-02-24T20:14:48Z" duration-ms="0" status="PASS">
          <reporter-output>
          </reporter-output>
        </test-method> <!-- methodSetup -->
        <test-method is-config="true" signature="methodTearDown(org.testng.ITestResult)[pri:0, instance:net.element.crm.tests.POC_TC01_GrabLockIssue@a38c7fe]" started-at="2021-02-24T20:14:48Z" name="methodTearDown" finished-at="2021-02-24T20:14:49Z" duration-ms="436" status="PASS">
          <params>
            <param index="0">
              <value>
                <![CDATA[[TestResult name=step03 status=SUCCESS method=POC_TC01_GrabLockIssue.step03()[pri:0, instance:net.element.crm.tests.POC_TC01_GrabLockIssue@a38c7fe] output={null}]]]>
              </value>
            </param>
          </params>
          <reporter-output>
          </reporter-output>
        </test-method> <!-- methodTearDown -->
        <test-method is-config="true" signature="methodSetup()[pri:0, instance:net.element.crm.tests.POC_TC01_GrabLockIssue@a38c7fe]" started-at="2021-02-24T20:14:49Z" name="methodSetup" finished-at="2021-02-24T20:14:49Z" duration-ms="0" status="PASS">
          <reporter-output>
          </reporter-output>
        </test-method> <!-- methodSetup -->
        <test-method signature="step04()[pri:0, instance:net.element.crm.tests.POC_TC01_GrabLockIssue@a38c7fe]" started-at="2021-02-24T20:14:49Z" name="step04" finished-at="2021-02-24T20:17:47Z" duration-ms="177787" status="PASS">
          <reporter-output>
          </reporter-output>
        </test-method> <!-- step04 -->
        <test-method is-config="true" signature="methodTearDown(org.testng.ITestResult)[pri:0, instance:net.element.crm.tests.POC_TC01_GrabLockIssue@a38c7fe]" started-at="2021-02-24T20:17:47Z" name="methodTearDown" finished-at="2021-02-24T20:17:47Z" duration-ms="517" status="PASS">
          <params>
            <param index="0">
              <value>
                <![CDATA[[TestResult name=step04 status=SUCCESS method=POC_TC01_GrabLockIssue.step04()[pri:0, instance:net.element.crm.tests.POC_TC01_GrabLockIssue@a38c7fe] output={null}]]]>
              </value>
            </param>
          </params>
          <reporter-output>
          </reporter-output>
        </test-method> <!-- methodTearDown -->
        <test-method signature="step05()[pri:0, instance:net.element.crm.tests.POC_TC01_GrabLockIssue@a38c7fe]" started-at="2021-02-24T20:17:47Z" name="step05" finished-at="2021-02-24T20:17:47Z" duration-ms="0" status="PASS">
          <reporter-output>
          </reporter-output>
        </test-method> <!-- step05 -->
        <test-method is-config="true" signature="methodSetup()[pri:0, instance:net.element.crm.tests.POC_TC01_GrabLockIssue@a38c7fe]" started-at="2021-02-24T20:17:47Z" name="methodSetup" finished-at="2021-02-24T20:17:47Z" duration-ms="0" status="PASS">
          <reporter-output>
          </reporter-output>
        </test-method> <!-- methodSetup -->
        <test-method is-config="true" signature="methodTearDown(org.testng.ITestResult)[pri:0, instance:net.element.crm.tests.POC_TC01_GrabLockIssue@a38c7fe]" started-at="2021-02-24T20:17:47Z" name="methodTearDown" finished-at="2021-02-24T20:17:48Z" duration-ms="518" status="PASS">
          <params>
            <param index="0">
              <value>
                <![CDATA[[TestResult name=step05 status=SUCCESS method=POC_TC01_GrabLockIssue.step05()[pri:0, instance:net.element.crm.tests.POC_TC01_GrabLockIssue@a38c7fe] output={null}]]]>
              </value>
            </param>
          </params>
          <reporter-output>
          </reporter-output>
        </test-method> <!-- methodTearDown -->
        <test-method signature="step06()[pri:0, instance:net.element.crm.tests.POC_TC01_GrabLockIssue@a38c7fe]" started-at="2021-02-24T20:17:48Z" name="step06" finished-at="2021-02-24T20:17:49Z" duration-ms="1138" status="PASS">
          <reporter-output>
          </reporter-output>
        </test-method> <!-- step06 -->
        <test-method is-config="true" signature="methodSetup()[pri:0, instance:net.element.crm.tests.POC_TC01_GrabLockIssue@a38c7fe]" started-at="2021-02-24T20:17:48Z" name="methodSetup" finished-at="2021-02-24T20:17:48Z" duration-ms="0" status="PASS">
          <reporter-output>
          </reporter-output>
        </test-method> <!-- methodSetup -->
        <test-method is-config="true" signature="methodTearDown(org.testng.ITestResult)[pri:0, instance:net.element.crm.tests.POC_TC01_GrabLockIssue@a38c7fe]" started-at="2021-02-24T20:17:49Z" name="methodTearDown" finished-at="2021-02-24T20:17:49Z" duration-ms="563" status="PASS">
          <params>
            <param index="0">
              <value>
                <![CDATA[[TestResult name=step06 status=SUCCESS method=POC_TC01_GrabLockIssue.step06()[pri:0, instance:net.element.crm.tests.POC_TC01_GrabLockIssue@a38c7fe] output={null}]]]>
              </value>
            </param>
          </params>
          <reporter-output>
          </reporter-output>
        </test-method> <!-- methodTearDown -->
        <test-method is-config="true" signature="classTearDown()[pri:0, instance:net.element.crm.tests.POC_TC01_GrabLockIssue@a38c7fe]" started-at="2021-02-24T20:17:49Z" name="classTearDown" finished-at="2021-02-24T20:17:49Z" duration-ms="0" status="PASS">
          <reporter-output>
          </reporter-output>
        </test-method> <!-- classTearDown -->
        <test-method is-config="true" signature="testTearDown()[pri:0, instance:net.element.crm.tests.POC_TC01_GrabLockIssue@a38c7fe]" started-at="2021-02-24T20:17:49Z" name="testTearDown" finished-at="2021-02-24T20:17:51Z" duration-ms="1504" status="PASS">
          <reporter-output>
          </reporter-output>
        </test-method> <!-- testTearDown -->
        <test-method is-config="true" signature="suiteTearDown()[pri:0, instance:net.element.crm.tests.POC_TC01_GrabLockIssue@a38c7fe]" started-at="2021-02-24T20:17:51Z" name="suiteTearDown" finished-at="2021-02-24T20:17:51Z" duration-ms="112" status="PASS">
          <reporter-output>
          </reporter-output>
        </test-method> <!-- suiteTearDown -->
      </class> <!-- net.element.crm.tests.POC_TC01_GrabLockIssue -->
    </test> <!-- Default test -->
  </suite> <!-- Default suite -->
</testng-results>
