<?xml version="1.0" encoding="UTF-8"?>
<testng-results ignored="0" total="6" passed="6" failed="0" skipped="0">
  <reporter-output>
  </reporter-output>
  <suite started-at="2021-02-17T06:31:39Z" name="Default suite" finished-at="2021-02-17T06:31:39Z" duration-ms="602">
    <groups>
    </groups>
    <test started-at="2021-02-17T06:31:39Z" name="Default test" finished-at="2021-02-17T06:31:39Z" duration-ms="602">
      <class name="net.element.crm.tests.POC">
        <test-method is-config="true" signature="suiteSetup()[pri:0, instance:net.element.crm.tests.POC@428640fa]" started-at="2021-02-17T06:31:39Z" name="suiteSetup" finished-at="2021-02-17T06:31:39Z" duration-ms="16" status="PASS">
          <reporter-output>
          </reporter-output>
        </test-method> <!-- suiteSetup -->
        <test-method is-config="true" signature="testSetup()[pri:0, instance:net.element.crm.tests.POC@428640fa]" started-at="2021-02-17T06:31:39Z" name="testSetup" finished-at="2021-02-17T06:31:39Z" duration-ms="568" status="PASS">
          <reporter-output>
          </reporter-output>
        </test-method> <!-- testSetup -->
        <test-method is-config="true" signature="classSetup()[pri:0, instance:net.element.crm.tests.POC@428640fa]" started-at="2021-02-17T06:31:39Z" name="classSetup" finished-at="2021-02-17T06:31:39Z" duration-ms="0" status="PASS">
          <reporter-output>
          </reporter-output>
        </test-method> <!-- classSetup -->
        <test-method is-config="true" signature="methodSetup()[pri:0, instance:net.element.crm.tests.POC@428640fa]" started-at="2021-02-17T06:31:39Z" name="methodSetup" finished-at="2021-02-17T06:31:39Z" duration-ms="0" status="PASS">
          <reporter-output>
          </reporter-output>
        </test-method> <!-- methodSetup -->
        <test-method signature="step01()[pri:0, instance:net.element.crm.tests.POC@428640fa]" started-at="2021-02-17T06:31:39Z" name="step01" finished-at="2021-02-17T06:31:39Z" duration-ms="9" status="PASS">
          <reporter-output>
          </reporter-output>
        </test-method> <!-- step01 -->
        <test-method signature="step03()[pri:0, instance:net.element.crm.tests.POC@428640fa]" started-at="2021-02-17T06:31:39Z" name="step03" finished-at="2021-02-17T06:31:39Z" duration-ms="0" status="PASS">
          <reporter-output>
          </reporter-output>
        </test-method> <!-- step03 -->
        <test-method is-config="true" signature="methodTearDown()[pri:0, instance:net.element.crm.tests.POC@428640fa]" started-at="2021-02-17T06:31:39Z" name="methodTearDown" finished-at="2021-02-17T06:31:39Z" duration-ms="0" status="PASS">
          <reporter-output>
          </reporter-output>
        </test-method> <!-- methodTearDown -->
        <test-method is-config="true" signature="methodSetup()[pri:0, instance:net.element.crm.tests.POC@428640fa]" started-at="2021-02-17T06:31:39Z" name="methodSetup" finished-at="2021-02-17T06:31:39Z" duration-ms="0" status="PASS">
          <reporter-output>
          </reporter-output>
        </test-method> <!-- methodSetup -->
        <test-method is-config="true" signature="methodTearDown()[pri:0, instance:net.element.crm.tests.POC@428640fa]" started-at="2021-02-17T06:31:39Z" name="methodTearDown" finished-at="2021-02-17T06:31:39Z" duration-ms="0" status="PASS">
          <reporter-output>
          </reporter-output>
        </test-method> <!-- methodTearDown -->
        <test-method signature="step02()[pri:0, instance:net.element.crm.tests.POC@428640fa]" started-at="2021-02-17T06:31:39Z" name="step02" finished-at="2021-02-17T06:31:39Z" duration-ms="0" status="PASS">
          <reporter-output>
          </reporter-output>
        </test-method> <!-- step02 -->
        <test-method is-config="true" signature="methodTearDown()[pri:0, instance:net.element.crm.tests.POC@428640fa]" started-at="2021-02-17T06:31:39Z" name="methodTearDown" finished-at="2021-02-17T06:31:39Z" duration-ms="0" status="PASS">
          <reporter-output>
          </reporter-output>
        </test-method> <!-- methodTearDown -->
        <test-method is-config="true" signature="methodSetup()[pri:0, instance:net.element.crm.tests.POC@428640fa]" started-at="2021-02-17T06:31:39Z" name="methodSetup" finished-at="2021-02-17T06:31:39Z" duration-ms="0" status="PASS">
          <reporter-output>
          </reporter-output>
        </test-method> <!-- methodSetup -->
        <test-method signature="step04()[pri:0, instance:net.element.crm.tests.POC@428640fa]" started-at="2021-02-17T06:31:39Z" name="step04" finished-at="2021-02-17T06:31:39Z" duration-ms="8" status="PASS">
          <reporter-output>
          </reporter-output>
        </test-method> <!-- step04 -->
        <test-method is-config="true" signature="methodSetup()[pri:0, instance:net.element.crm.tests.POC@428640fa]" started-at="2021-02-17T06:31:39Z" name="methodSetup" finished-at="2021-02-17T06:31:39Z" duration-ms="0" status="PASS">
          <reporter-output>
          </reporter-output>
        </test-method> <!-- methodSetup -->
        <test-method is-config="true" signature="testTearDown()[pri:0, instance:net.element.crm.tests.POC@428640fa]" started-at="2021-02-17T06:31:39Z" name="testTearDown" finished-at="2021-02-17T06:31:39Z" duration-ms="0" status="FAIL">
          <exception class="java.lang.NullPointerException">
            <full-stacktrace>
              <![CDATA[java.lang.NullPointerException
at net.element.crm.tests.BaseTest.testTearDown(BaseTest.java:56)
at java.base/jdk.internal.reflect.NativeMethodAccessorImpl.invoke0(Native Method)
at java.base/jdk.internal.reflect.NativeMethodAccessorImpl.invoke(NativeMethodAccessorImpl.java:62)
at java.base/jdk.internal.reflect.DelegatingMethodAccessorImpl.invoke(DelegatingMethodAccessorImpl.java:43)
at java.base/java.lang.reflect.Method.invoke(Method.java:567)
at org.testng.internal.MethodInvocationHelper.invokeMethod(MethodInvocationHelper.java:124)
at org.testng.internal.MethodInvocationHelper.invokeMethodConsideringTimeout(MethodInvocationHelper.java:59)
at org.testng.internal.Invoker.invokeConfigurationMethod(Invoker.java:458)
at org.testng.internal.Invoker.invokeConfigurations(Invoker.java:222)
at org.testng.internal.Invoker.invokeConfigurations(Invoker.java:142)
at org.testng.TestRunner.afterRun(TestRunner.java:725)
at org.testng.TestRunner.run(TestRunner.java:509)
at org.testng.SuiteRunner.runTest(SuiteRunner.java:455)
at org.testng.SuiteRunner.runSequentially(SuiteRunner.java:450)
at org.testng.SuiteRunner.privateRun(SuiteRunner.java:415)
at org.testng.SuiteRunner.run(SuiteRunner.java:364)
at org.testng.SuiteRunnerWorker.runSuite(SuiteRunnerWorker.java:52)
at org.testng.SuiteRunnerWorker.run(SuiteRunnerWorker.java:84)
at org.testng.TestNG.runSuitesSequentially(TestNG.java:1208)
at org.testng.TestNG.runSuitesLocally(TestNG.java:1137)
at org.testng.TestNG.runSuites(TestNG.java:1049)
at org.testng.TestNG.run(TestNG.java:1017)
at org.testng.remote.AbstractRemoteTestNG.run(AbstractRemoteTestNG.java:115)
at org.testng.remote.RemoteTestNG.initAndRun(RemoteTestNG.java:251)
at org.testng.remote.RemoteTestNG.main(RemoteTestNG.java:77)
]]>
            </full-stacktrace>
          </exception> <!-- java.lang.NullPointerException -->
          <reporter-output>
          </reporter-output>
        </test-method> <!-- testTearDown -->
        <test-method is-config="true" signature="methodSetup()[pri:0, instance:net.element.crm.tests.POC@428640fa]" started-at="2021-02-17T06:31:39Z" name="methodSetup" finished-at="2021-02-17T06:31:39Z" duration-ms="0" status="PASS">
          <reporter-output>
          </reporter-output>
        </test-method> <!-- methodSetup -->
        <test-method signature="step05()[pri:0, instance:net.element.crm.tests.POC@428640fa]" started-at="2021-02-17T06:31:39Z" name="step05" finished-at="2021-02-17T06:31:39Z" duration-ms="0" status="PASS">
          <reporter-output>
          </reporter-output>
        </test-method> <!-- step05 -->
        <test-method signature="step06()[pri:0, instance:net.element.crm.tests.POC@428640fa]" started-at="2021-02-17T06:31:39Z" name="step06" finished-at="2021-02-17T06:31:39Z" duration-ms="0" status="PASS">
          <reporter-output>
          </reporter-output>
        </test-method> <!-- step06 -->
        <test-method is-config="true" signature="methodTearDown()[pri:0, instance:net.element.crm.tests.POC@428640fa]" started-at="2021-02-17T06:31:39Z" name="methodTearDown" finished-at="2021-02-17T06:31:39Z" duration-ms="0" status="PASS">
          <reporter-output>
          </reporter-output>
        </test-method> <!-- methodTearDown -->
        <test-method is-config="true" signature="classTearDown()[pri:0, instance:net.element.crm.tests.POC@428640fa]" started-at="2021-02-17T06:31:39Z" name="classTearDown" finished-at="2021-02-17T06:31:39Z" duration-ms="0" status="PASS">
          <reporter-output>
          </reporter-output>
        </test-method> <!-- classTearDown -->
        <test-method is-config="true" signature="methodTearDown()[pri:0, instance:net.element.crm.tests.POC@428640fa]" started-at="2021-02-17T06:31:39Z" name="methodTearDown" finished-at="2021-02-17T06:31:39Z" duration-ms="0" status="PASS">
          <reporter-output>
          </reporter-output>
        </test-method> <!-- methodTearDown -->
        <test-method is-config="true" signature="methodTearDown()[pri:0, instance:net.element.crm.tests.POC@428640fa]" started-at="2021-02-17T06:31:39Z" name="methodTearDown" finished-at="2021-02-17T06:31:39Z" duration-ms="0" status="PASS">
          <reporter-output>
          </reporter-output>
        </test-method> <!-- methodTearDown -->
        <test-method is-config="true" signature="methodSetup()[pri:0, instance:net.element.crm.tests.POC@428640fa]" started-at="2021-02-17T06:31:39Z" name="methodSetup" finished-at="2021-02-17T06:31:39Z" duration-ms="0" status="PASS">
          <reporter-output>
          </reporter-output>
        </test-method> <!-- methodSetup -->
        <test-method is-config="true" signature="suiteTearDown()[pri:0, instance:net.element.crm.tests.POC@428640fa]" started-at="2021-02-17T06:31:39Z" name="suiteTearDown" finished-at="2021-02-17T06:31:39Z" duration-ms="0" status="SKIP">
          <reporter-output>
          </reporter-output>
        </test-method> <!-- suiteTearDown -->
      </class> <!-- net.element.crm.tests.POC -->
    </test> <!-- Default test -->
  </suite> <!-- Default suite -->
</testng-results>
